========================================
等待Batch 1完成...
========================================
09:25:36: Batch 1 仍在运行...
09:26:06: Batch 1 仍在运行...
09:26:36: Batch 1 仍在运行...
09:27:06: Batch 1 仍在运行...
09:27:36: Batch 1 仍在运行...
09:28:06: Batch 1 仍在运行...
09:28:36: Batch 1 仍在运行...
09:29:06: Batch 1 仍在运行...
09:29:36: Batch 1 仍在运行...
09:30:06: Batch 1 仍在运行...
09:30:36: Batch 1 仍在运行...
09:31:06: Batch 1 仍在运行...
09:31:36: Batch 1 仍在运行...
09:32:06: Batch 1 仍在运行...
09:32:36: Batch 1 仍在运行...
09:33:06: Batch 1 仍在运行...
09:33:36: Batch 1 仍在运行...
09:34:07: Batch 1 仍在运行...
09:34:37: Batch 1 仍在运行...
09:35:07: Batch 1 仍在运行...
09:35:37: Batch 1 仍在运行...
09:36:07: Batch 1 仍在运行...
09:36:37: Batch 1 仍在运行...
09:37:07: Batch 1 仍在运行...
09:37:37: Batch 1 仍在运行...
09:38:07: Batch 1 仍在运行...
09:38:37: Batch 1 仍在运行...
09:39:07: Batch 1 仍在运行...
09:39:37: Batch 1 仍在运行...
09:40:07: Batch 1 仍在运行...
09:40:37: Batch 1 仍在运行...
09:41:07: Batch 1 仍在运行...
09:41:37: Batch 1 仍在运行...
09:42:07: Batch 1 仍在运行...
09:42:37: Batch 1 仍在运行...
09:43:07: Batch 1 仍在运行...
09:43:37: Batch 1 仍在运行...
09:44:07: Batch 1 仍在运行...
09:44:37: Batch 1 仍在运行...
09:45:07: Batch 1 仍在运行...
09:45:37: Batch 1 仍在运行...
09:46:07: Batch 1 仍在运行...
09:46:37: Batch 1 仍在运行...
09:47:07: Batch 1 仍在运行...
09:47:37: Batch 1 仍在运行...
09:48:07: Batch 1 仍在运行...
09:48:37: Batch 1 仍在运行...
09:49:07: Batch 1 仍在运行...
09:49:37: Batch 1 仍在运行...
09:50:07: Batch 1 仍在运行...
09:50:37: Batch 1 仍在运行...
09:51:07: Batch 1 仍在运行...
09:51:37: Batch 1 仍在运行...
09:52:07: Batch 1 仍在运行...
09:52:37: Batch 1 仍在运行...
09:53:07: Batch 1 仍在运行...
09:53:37: Batch 1 仍在运行...
09:54:07: Batch 1 仍在运行...
09:54:37: Batch 1 仍在运行...
09:55:07: Batch 1 仍在运行...
09:55:37: Batch 1 仍在运行...
09:56:07: Batch 1 仍在运行...
09:56:37: Batch 1 仍在运行...
09:57:07: Batch 1 仍在运行...
09:57:37: Batch 1 仍在运行...
09:58:07: Batch 1 仍在运行...
09:58:37: Batch 1 仍在运行...
09:59:07: Batch 1 仍在运行...
09:59:37: Batch 1 仍在运行...
10:00:07: Batch 1 仍在运行...
10:00:37: Batch 1 仍在运行...
10:01:07: Batch 1 仍在运行...
10:01:37: Batch 1 仍在运行...
10:02:07: Batch 1 仍在运行...
10:02:37: Batch 1 仍在运行...
10:03:07: Batch 1 仍在运行...
10:03:37: Batch 1 仍在运行...
10:04:07: Batch 1 仍在运行...
10:04:37: Batch 1 仍在运行...
10:05:07: Batch 1 仍在运行...
10:05:37: Batch 1 仍在运行...
10:06:07: Batch 1 仍在运行...
10:06:37: Batch 1 仍在运行...
10:07:07: Batch 1 仍在运行...
10:07:37: Batch 1 仍在运行...
10:08:07: Batch 1 仍在运行...
10:08:37: Batch 1 仍在运行...
10:09:07: Batch 1 仍在运行...
10:09:37: Batch 1 仍在运行...
10:10:07: Batch 1 仍在运行...
10:10:37: Batch 1 仍在运行...
10:11:07: Batch 1 仍在运行...
10:11:37: Batch 1 仍在运行...
10:12:07: Batch 1 仍在运行...
10:12:37: Batch 1 仍在运行...
10:13:08: Batch 1 仍在运行...
10:13:38: Batch 1 仍在运行...
10:14:08: Batch 1 仍在运行...
10:14:38: Batch 1 仍在运行...
10:15:08: Batch 1 仍在运行...
10:15:38: Batch 1 仍在运行...
10:16:08: Batch 1 仍在运行...
10:16:38: Batch 1 仍在运行...
10:17:08: Batch 1 仍在运行...
10:17:38: Batch 1 仍在运行...
10:18:08: Batch 1 仍在运行...
10:18:38: Batch 1 仍在运行...
10:19:08: Batch 1 仍在运行...
10:19:38: Batch 1 仍在运行...
10:20:08: Batch 1 仍在运行...
10:20:38: Batch 1 仍在运行...
10:21:08: Batch 1 仍在运行...
10:21:38: Batch 1 仍在运行...
10:22:08: Batch 1 仍在运行...
10:22:38: Batch 1 仍在运行...
10:23:08: Batch 1 仍在运行...
10:23:38: Batch 1 仍在运行...
10:24:08: Batch 1 仍在运行...
10:24:38: Batch 1 仍在运行...
10:25:08: Batch 1 仍在运行...
10:25:38: Batch 1 仍在运行...
10:26:08: Batch 1 仍在运行...
10:26:38: Batch 1 仍在运行...
10:27:08: Batch 1 仍在运行...
10:27:38: Batch 1 仍在运行...
10:28:08: Batch 1 仍在运行...
10:28:38: Batch 1 仍在运行...
10:29:08: Batch 1 仍在运行...
10:29:38: Batch 1 仍在运行...
10:30:08: Batch 1 仍在运行...
10:30:38: Batch 1 仍在运行...
10:31:08: Batch 1 仍在运行...
10:31:38: Batch 1 仍在运行...
10:32:08: Batch 1 仍在运行...
10:32:38: Batch 1 仍在运行...
10:33:08: Batch 1 仍在运行...
10:33:38: Batch 1 仍在运行...
10:34:08: Batch 1 仍在运行...
10:34:38: Batch 1 仍在运行...
10:35:08: Batch 1 仍在运行...
10:35:38: Batch 1 仍在运行...
10:36:08: Batch 1 仍在运行...
10:36:38: Batch 1 仍在运行...
10:37:08: Batch 1 仍在运行...
10:37:38: Batch 1 仍在运行...
10:38:08: Batch 1 仍在运行...
10:38:38: Batch 1 仍在运行...
10:39:08: Batch 1 仍在运行...
10:39:38: Batch 1 仍在运行...
10:40:08: Batch 1 仍在运行...
10:40:38: Batch 1 仍在运行...
10:41:08: Batch 1 仍在运行...
10:41:38: Batch 1 仍在运行...
10:42:08: Batch 1 仍在运行...
10:42:38: Batch 1 仍在运行...
10:43:08: Batch 1 仍在运行...
10:43:38: Batch 1 仍在运行...
10:44:08: Batch 1 仍在运行...
10:44:38: Batch 1 仍在运行...
10:45:08: Batch 1 仍在运行...
10:45:38: Batch 1 仍在运行...
10:46:08: Batch 1 仍在运行...
10:46:38: Batch 1 仍在运行...
10:47:08: Batch 1 仍在运行...
10:47:38: Batch 1 仍在运行...
10:48:08: Batch 1 仍在运行...
10:48:38: Batch 1 仍在运行...
10:49:08: Batch 1 仍在运行...
10:49:38: Batch 1 仍在运行...
10:50:08: Batch 1 仍在运行...
10:50:38: Batch 1 仍在运行...
10:51:09: Batch 1 仍在运行...
10:51:39: Batch 1 仍在运行...
10:52:09: Batch 1 仍在运行...
10:52:39: Batch 1 仍在运行...
10:53:09: Batch 1 仍在运行...
10:53:39: Batch 1 仍在运行...
10:54:09: Batch 1 仍在运行...
10:54:39: Batch 1 仍在运行...
10:55:09: Batch 1 仍在运行...
10:55:39: Batch 1 仍在运行...
10:56:09: Batch 1 仍在运行...
10:56:39: Batch 1 仍在运行...
10:57:09: Batch 1 仍在运行...
10:57:39: Batch 1 仍在运行...
10:58:09: Batch 1 仍在运行...
10:58:39: Batch 1 仍在运行...
10:59:09: Batch 1 仍在运行...
10:59:39: Batch 1 仍在运行...
11:00:09: Batch 1 仍在运行...
11:00:39: Batch 1 仍在运行...
11:01:09: Batch 1 仍在运行...
11:01:39: Batch 1 仍在运行...
11:02:09: Batch 1 仍在运行...
11:02:39: Batch 1 仍在运行...
11:03:09: Batch 1 仍在运行...
11:03:39: Batch 1 仍在运行...
11:04:09: Batch 1 仍在运行...
11:04:39: Batch 1 仍在运行...
11:05:09: Batch 1 仍在运行...
11:05:39: Batch 1 仍在运行...
11:06:09: Batch 1 仍在运行...
11:06:39: Batch 1 仍在运行...
11:07:09: Batch 1 仍在运行...
11:07:39: Batch 1 仍在运行...
11:08:09: Batch 1 仍在运行...
11:08:39: Batch 1 仍在运行...
11:09:09: Batch 1 仍在运行...
11:09:39: Batch 1 仍在运行...
11:10:09: Batch 1 仍在运行...
11:10:39: Batch 1 仍在运行...
11:11:09: Batch 1 仍在运行...
11:11:39: Batch 1 仍在运行...
11:12:09: Batch 1 仍在运行...
11:12:39: Batch 1 仍在运行...
11:13:09: Batch 1 仍在运行...
11:13:39: Batch 1 仍在运行...
11:14:09: Batch 1 仍在运行...
11:14:39: Batch 1 仍在运行...
11:15:09: Batch 1 仍在运行...
11:15:39: Batch 1 仍在运行...
11:16:09: Batch 1 仍在运行...
11:16:39: Batch 1 仍在运行...
11:17:09: Batch 1 仍在运行...
11:17:39: Batch 1 仍在运行...
11:18:09: Batch 1 仍在运行...
11:18:39: Batch 1 仍在运行...
11:19:09: Batch 1 仍在运行...
11:19:39: Batch 1 仍在运行...
11:20:09: Batch 1 仍在运行...
11:20:39: Batch 1 仍在运行...
11:21:09: Batch 1 仍在运行...
11:21:39: Batch 1 仍在运行...
11:22:09: Batch 1 仍在运行...
11:22:39: Batch 1 仍在运行...
11:23:09: Batch 1 仍在运行...
11:23:39: Batch 1 仍在运行...
11:24:09: Batch 1 仍在运行...
11:24:39: Batch 1 仍在运行...
11:25:09: Batch 1 仍在运行...
11:25:39: Batch 1 仍在运行...
11:26:09: Batch 1 仍在运行...
11:26:39: Batch 1 仍在运行...
11:27:09: Batch 1 仍在运行...
11:27:39: Batch 1 仍在运行...
11:28:10: Batch 1 仍在运行...
11:28:40: Batch 1 仍在运行...
11:29:10: Batch 1 仍在运行...
11:29:40: Batch 1 仍在运行...
11:30:10: Batch 1 仍在运行...
11:30:40: Batch 1 仍在运行...
11:31:10: Batch 1 仍在运行...
11:31:40: Batch 1 仍在运行...
11:32:10: Batch 1 仍在运行...
11:32:40: Batch 1 仍在运行...
11:33:10: Batch 1 仍在运行...
11:33:40: Batch 1 仍在运行...
11:34:10: Batch 1 仍在运行...
11:34:40: Batch 1 仍在运行...
11:35:10: Batch 1 仍在运行...
11:35:40: Batch 1 仍在运行...
11:36:10: Batch 1 仍在运行...
11:36:40: Batch 1 仍在运行...
11:37:10: Batch 1 仍在运行...
11:37:40: Batch 1 仍在运行...
11:38:10: Batch 1 仍在运行...
11:38:40: Batch 1 仍在运行...
11:39:10: Batch 1 仍在运行...
11:39:40: Batch 1 仍在运行...
11:40:10: Batch 1 仍在运行...
11:40:40: Batch 1 仍在运行...
11:41:10: Batch 1 仍在运行...
11:41:40: Batch 1 仍在运行...
11:42:10: Batch 1 仍在运行...
11:42:40: Batch 1 仍在运行...
11:43:10: Batch 1 仍在运行...
11:43:40: Batch 1 仍在运行...
11:44:10: Batch 1 仍在运行...
11:44:40: Batch 1 仍在运行...
11:45:10: Batch 1 仍在运行...
11:45:40: Batch 1 仍在运行...
11:46:10: Batch 1 仍在运行...
11:46:40: Batch 1 仍在运行...
11:47:10: Batch 1 仍在运行...
11:47:40: Batch 1 仍在运行...
11:48:10: Batch 1 仍在运行...
11:48:40: Batch 1 仍在运行...
11:49:10: Batch 1 仍在运行...
11:49:40: Batch 1 仍在运行...
11:50:10: Batch 1 仍在运行...
11:50:40: Batch 1 仍在运行...
11:51:10: Batch 1 仍在运行...
11:51:40: Batch 1 仍在运行...
11:52:10: Batch 1 仍在运行...
11:52:40: Batch 1 仍在运行...
11:53:10: Batch 1 仍在运行...
11:53:40: Batch 1 仍在运行...
11:54:10: Batch 1 仍在运行...
11:54:40: Batch 1 仍在运行...
11:55:10: Batch 1 仍在运行...
11:55:40: Batch 1 仍在运行...
11:56:10: Batch 1 仍在运行...
11:56:40: Batch 1 仍在运行...
11:57:10: Batch 1 仍在运行...
11:57:40: Batch 1 仍在运行...
11:58:10: Batch 1 仍在运行...
11:58:40: Batch 1 仍在运行...
11:59:10: Batch 1 仍在运行...
11:59:40: Batch 1 仍在运行...
12:00:10: Batch 1 仍在运行...
12:00:40: Batch 1 仍在运行...
12:01:10: Batch 1 仍在运行...
12:01:40: Batch 1 仍在运行...
12:02:10: Batch 1 仍在运行...
12:02:40: Batch 1 仍在运行...
12:03:10: Batch 1 仍在运行...
12:03:40: Batch 1 仍在运行...
12:04:10: Batch 1 仍在运行...
12:04:40: Batch 1 仍在运行...
12:05:10: Batch 1 仍在运行...
12:05:40: Batch 1 仍在运行...
12:06:10: Batch 1 仍在运行...
12:06:40: Batch 1 仍在运行...
12:07:10: Batch 1 仍在运行...
12:07:41: Batch 1 仍在运行...
12:08:11: Batch 1 仍在运行...
12:08:41: Batch 1 仍在运行...
12:09:11: Batch 1 仍在运行...
12:09:41: Batch 1 仍在运行...
12:10:11: Batch 1 仍在运行...
12:10:41: Batch 1 仍在运行...
12:11:11: Batch 1 仍在运行...
12:11:41: Batch 1 仍在运行...
12:12:11: Batch 1 仍在运行...
12:12:41: Batch 1 仍在运行...
12:13:11: Batch 1 仍在运行...
12:13:41: Batch 1 仍在运行...
12:14:11: Batch 1 仍在运行...
12:14:41: Batch 1 仍在运行...
12:15:11: Batch 1 仍在运行...
12:15:41: Batch 1 仍在运行...
12:16:11: Batch 1 仍在运行...
12:16:41: Batch 1 仍在运行...
12:17:11: Batch 1 仍在运行...
12:17:41: Batch 1 仍在运行...
12:18:11: Batch 1 仍在运行...
12:18:41: Batch 1 仍在运行...
12:19:11: Batch 1 仍在运行...
12:19:41: Batch 1 仍在运行...
12:20:11: Batch 1 仍在运行...
12:20:41: Batch 1 仍在运行...
12:21:11: Batch 1 仍在运行...
12:21:41: Batch 1 仍在运行...
12:22:11: Batch 1 仍在运行...
12:22:41: Batch 1 仍在运行...
12:23:11: Batch 1 仍在运行...
12:23:41: Batch 1 仍在运行...
12:24:11: Batch 1 仍在运行...
12:24:41: Batch 1 仍在运行...
12:25:11: Batch 1 仍在运行...
12:25:41: Batch 1 仍在运行...
12:26:11: Batch 1 仍在运行...
12:26:41: Batch 1 仍在运行...
12:27:11: Batch 1 仍在运行...
12:27:41: Batch 1 仍在运行...
12:28:11: Batch 1 仍在运行...
12:28:41: Batch 1 仍在运行...
12:29:11: Batch 1 仍在运行...
12:29:41: Batch 1 仍在运行...
12:30:11: Batch 1 仍在运行...
12:30:41: Batch 1 仍在运行...
12:31:11: Batch 1 仍在运行...
12:31:41: Batch 1 仍在运行...
12:32:11: Batch 1 仍在运行...
12:32:41: Batch 1 仍在运行...
12:33:11: Batch 1 仍在运行...
12:33:41: Batch 1 仍在运行...
12:34:11: Batch 1 仍在运行...
12:34:41: Batch 1 仍在运行...
12:35:11: Batch 1 仍在运行...
12:35:41: Batch 1 仍在运行...
12:36:11: Batch 1 仍在运行...
12:36:41: Batch 1 仍在运行...
12:37:11: Batch 1 仍在运行...
12:37:41: Batch 1 仍在运行...
12:38:11: Batch 1 仍在运行...
12:38:41: Batch 1 仍在运行...
12:39:11: Batch 1 仍在运行...
12:39:41: Batch 1 仍在运行...
12:40:11: Batch 1 仍在运行...
12:40:41: Batch 1 仍在运行...
12:41:11: Batch 1 仍在运行...
12:41:41: Batch 1 仍在运行...
12:42:11: Batch 1 仍在运行...
12:42:41: Batch 1 仍在运行...
12:43:11: Batch 1 仍在运行...
12:43:41: Batch 1 仍在运行...
12:44:11: Batch 1 仍在运行...
12:44:41: Batch 1 仍在运行...
12:45:11: Batch 1 仍在运行...
12:45:41: Batch 1 仍在运行...
12:46:11: Batch 1 仍在运行...
Batch 1 完成！

========================================
启动 BATCH 2: B1 + B2
========================================
启动 GPU 0: B1 - Tiny Model
启动 GPU 1: B2 - Small Model
Batch 2 已启动！

日志:
  logs/B1_tiny_lr5e7_20251223_092506.log
  logs/B2_small_lr5e7_20251223_092506.log
