========================================
等待 Batch 1 完成...
========================================
检测到的Batch 1进程:
root     280505  861  1.1 45247168 9064692 pts/19 Rl+ 00:22  80:41 python train_swin.py --dataset koniq-10k --model_size base --batch_size 32 --epochs 10 --patience 3 --train_patch_num 20 --test_patch_num 20 --train_test_num 10 --lr 1e-6 --weight_decay 2e-4 --drop_path_rate 0.3 --dropout_rate 0.4 --lr_scheduler cosine --attention_fusion --ranking_loss_alpha 0 --test_random_crop --no_spaq --no_color_jitter
root     280897  866  1.1 45250172 9068700 pts/20 Rl+ 00:22  80:24 python train_swin.py --dataset koniq-10k --model_size base --batch_size 32 --epochs 10 --patience 3 --train_patch_num 20 --test_patch_num 20 --train_test_num 10 --lr 5e-7 --weight_decay 2e-4 --drop_path_rate 0.3 --dropout_rate 0.4 --lr_scheduler cosine --attention_fusion --ranking_loss_alpha 0 --test_random_crop --no_spaq --no_color_jitter
等待进程: 280505
280897
等待 PID 280505...
  Tue Dec 23 00:32:36 CST 2025: Batch 1 仍在运行...
  Tue Dec 23 00:33:36 CST 2025: Batch 1 仍在运行...
  Tue Dec 23 00:34:36 CST 2025: Batch 1 仍在运行...
  Tue Dec 23 00:35:36 CST 2025: Batch 1 仍在运行...
  Tue Dec 23 00:36:36 CST 2025: Batch 1 仍在运行...
  Tue Dec 23 00:37:36 CST 2025: Batch 1 仍在运行...
  Tue Dec 23 00:38:36 CST 2025: Batch 1 仍在运行...
  Tue Dec 23 00:39:36 CST 2025: Batch 1 仍在运行...
  Tue Dec 23 00:40:36 CST 2025: Batch 1 仍在运行...
  Tue Dec 23 00:41:36 CST 2025: Batch 1 仍在运行...
  Tue Dec 23 00:42:36 CST 2025: Batch 1 仍在运行...
  Tue Dec 23 00:43:36 CST 2025: Batch 1 仍在运行...
  Tue Dec 23 00:44:36 CST 2025: Batch 1 仍在运行...
  Tue Dec 23 00:45:36 CST 2025: Batch 1 仍在运行...
  Tue Dec 23 00:46:36 CST 2025: Batch 1 仍在运行...
  Tue Dec 23 00:47:36 CST 2025: Batch 1 仍在运行...
  Tue Dec 23 00:48:36 CST 2025: Batch 1 仍在运行...
  Tue Dec 23 00:49:36 CST 2025: Batch 1 仍在运行...
  Tue Dec 23 00:50:36 CST 2025: Batch 1 仍在运行...
  Tue Dec 23 00:51:36 CST 2025: Batch 1 仍在运行...
  Tue Dec 23 00:52:36 CST 2025: Batch 1 仍在运行...
  Tue Dec 23 00:53:36 CST 2025: Batch 1 仍在运行...
  Tue Dec 23 00:54:36 CST 2025: Batch 1 仍在运行...
  Tue Dec 23 00:55:36 CST 2025: Batch 1 仍在运行...
  Tue Dec 23 00:56:36 CST 2025: Batch 1 仍在运行...
  Tue Dec 23 00:57:36 CST 2025: Batch 1 仍在运行...
  Tue Dec 23 00:58:36 CST 2025: Batch 1 仍在运行...
  Tue Dec 23 00:59:36 CST 2025: Batch 1 仍在运行...
  Tue Dec 23 01:00:36 CST 2025: Batch 1 仍在运行...
  Tue Dec 23 01:01:36 CST 2025: Batch 1 仍在运行...
  Tue Dec 23 01:02:36 CST 2025: Batch 1 仍在运行...
  Tue Dec 23 01:03:36 CST 2025: Batch 1 仍在运行...
  Tue Dec 23 01:04:36 CST 2025: Batch 1 仍在运行...
  Tue Dec 23 01:05:36 CST 2025: Batch 1 仍在运行...
  Tue Dec 23 01:06:36 CST 2025: Batch 1 仍在运行...
  Tue Dec 23 01:07:36 CST 2025: Batch 1 仍在运行...
  Tue Dec 23 01:08:36 CST 2025: Batch 1 仍在运行...
  Tue Dec 23 01:09:36 CST 2025: Batch 1 仍在运行...
  Tue Dec 23 01:10:36 CST 2025: Batch 1 仍在运行...
  Tue Dec 23 01:11:36 CST 2025: Batch 1 仍在运行...
  Tue Dec 23 01:12:36 CST 2025: Batch 1 仍在运行...
  Tue Dec 23 01:13:36 CST 2025: Batch 1 仍在运行...
  Tue Dec 23 01:14:36 CST 2025: Batch 1 仍在运行...
  Tue Dec 23 01:15:36 CST 2025: Batch 1 仍在运行...
  Tue Dec 23 01:16:36 CST 2025: Batch 1 仍在运行...
  Tue Dec 23 01:17:36 CST 2025: Batch 1 仍在运行...
  Tue Dec 23 01:18:36 CST 2025: Batch 1 仍在运行...
  Tue Dec 23 01:19:36 CST 2025: Batch 1 仍在运行...
  Tue Dec 23 01:20:36 CST 2025: Batch 1 仍在运行...
  Tue Dec 23 01:21:36 CST 2025: Batch 1 仍在运行...
  Tue Dec 23 01:22:36 CST 2025: Batch 1 仍在运行...
  Tue Dec 23 01:23:36 CST 2025: Batch 1 仍在运行...
  Tue Dec 23 01:24:36 CST 2025: Batch 1 仍在运行...
  Tue Dec 23 01:25:36 CST 2025: Batch 1 仍在运行...
  Tue Dec 23 01:26:36 CST 2025: Batch 1 仍在运行...
  Tue Dec 23 01:27:36 CST 2025: Batch 1 仍在运行...
  Tue Dec 23 01:28:36 CST 2025: Batch 1 仍在运行...
  Tue Dec 23 01:29:36 CST 2025: Batch 1 仍在运行...
  Tue Dec 23 01:30:36 CST 2025: Batch 1 仍在运行...
  Tue Dec 23 01:31:36 CST 2025: Batch 1 仍在运行...
  Tue Dec 23 01:32:36 CST 2025: Batch 1 仍在运行...
  Tue Dec 23 01:33:36 CST 2025: Batch 1 仍在运行...
  Tue Dec 23 01:34:36 CST 2025: Batch 1 仍在运行...
  Tue Dec 23 01:35:36 CST 2025: Batch 1 仍在运行...
  Tue Dec 23 01:36:36 CST 2025: Batch 1 仍在运行...
  Tue Dec 23 01:37:36 CST 2025: Batch 1 仍在运行...
  Tue Dec 23 01:38:36 CST 2025: Batch 1 仍在运行...
  Tue Dec 23 01:39:36 CST 2025: Batch 1 仍在运行...
  Tue Dec 23 01:40:36 CST 2025: Batch 1 仍在运行...
  Tue Dec 23 01:41:36 CST 2025: Batch 1 仍在运行...
  Tue Dec 23 01:42:36 CST 2025: Batch 1 仍在运行...
  Tue Dec 23 01:43:36 CST 2025: Batch 1 仍在运行...
  Tue Dec 23 01:44:36 CST 2025: Batch 1 仍在运行...
  Tue Dec 23 01:45:36 CST 2025: Batch 1 仍在运行...
  Tue Dec 23 01:46:36 CST 2025: Batch 1 仍在运行...
  Tue Dec 23 01:47:36 CST 2025: Batch 1 仍在运行...
  Tue Dec 23 01:48:36 CST 2025: Batch 1 仍在运行...
  Tue Dec 23 01:49:36 CST 2025: Batch 1 仍在运行...
  Tue Dec 23 01:50:36 CST 2025: Batch 1 仍在运行...
  Tue Dec 23 01:51:36 CST 2025: Batch 1 仍在运行...
  Tue Dec 23 01:52:36 CST 2025: Batch 1 仍在运行...
  Tue Dec 23 01:53:36 CST 2025: Batch 1 仍在运行...
  Tue Dec 23 01:54:36 CST 2025: Batch 1 仍在运行...
  Tue Dec 23 01:55:36 CST 2025: Batch 1 仍在运行...
  Tue Dec 23 01:56:36 CST 2025: Batch 1 仍在运行...
  Tue Dec 23 01:57:36 CST 2025: Batch 1 仍在运行...
  Tue Dec 23 01:58:36 CST 2025: Batch 1 仍在运行...
  Tue Dec 23 01:59:36 CST 2025: Batch 1 仍在运行...
  Tue Dec 23 02:00:36 CST 2025: Batch 1 仍在运行...
  Tue Dec 23 02:01:36 CST 2025: Batch 1 仍在运行...
  Tue Dec 23 02:02:36 CST 2025: Batch 1 仍在运行...
  Tue Dec 23 02:03:36 CST 2025: Batch 1 仍在运行...
  Tue Dec 23 02:04:36 CST 2025: Batch 1 仍在运行...
  Tue Dec 23 02:05:36 CST 2025: Batch 1 仍在运行...
  Tue Dec 23 02:06:36 CST 2025: Batch 1 仍在运行...
  Tue Dec 23 02:07:36 CST 2025: Batch 1 仍在运行...
  Tue Dec 23 02:08:36 CST 2025: Batch 1 仍在运行...
  Tue Dec 23 02:09:36 CST 2025: Batch 1 仍在运行...
  Tue Dec 23 02:10:36 CST 2025: Batch 1 仍在运行...
  Tue Dec 23 02:11:36 CST 2025: Batch 1 仍在运行...
  Tue Dec 23 02:12:37 CST 2025: Batch 1 仍在运行...
  Tue Dec 23 02:13:37 CST 2025: Batch 1 仍在运行...
  Tue Dec 23 02:14:37 CST 2025: Batch 1 仍在运行...
  Tue Dec 23 02:15:37 CST 2025: Batch 1 仍在运行...
  Tue Dec 23 02:16:37 CST 2025: Batch 1 仍在运行...
  Tue Dec 23 02:17:37 CST 2025: Batch 1 仍在运行...
  Tue Dec 23 02:18:37 CST 2025: Batch 1 仍在运行...
  Tue Dec 23 02:19:37 CST 2025: Batch 1 仍在运行...
  Tue Dec 23 02:20:37 CST 2025: Batch 1 仍在运行...
  Tue Dec 23 02:21:37 CST 2025: Batch 1 仍在运行...
  Tue Dec 23 02:22:37 CST 2025: Batch 1 仍在运行...
  Tue Dec 23 02:23:37 CST 2025: Batch 1 仍在运行...
  Tue Dec 23 02:24:37 CST 2025: Batch 1 仍在运行...
  Tue Dec 23 02:25:37 CST 2025: Batch 1 仍在运行...
  Tue Dec 23 02:26:37 CST 2025: Batch 1 仍在运行...
  Tue Dec 23 02:27:37 CST 2025: Batch 1 仍在运行...
  Tue Dec 23 02:28:37 CST 2025: Batch 1 仍在运行...
  Tue Dec 23 02:29:37 CST 2025: Batch 1 仍在运行...
  Tue Dec 23 02:30:37 CST 2025: Batch 1 仍在运行...
  Tue Dec 23 02:31:37 CST 2025: Batch 1 仍在运行...
  Tue Dec 23 02:32:37 CST 2025: Batch 1 仍在运行...
  Tue Dec 23 02:33:37 CST 2025: Batch 1 仍在运行...
  Tue Dec 23 02:34:37 CST 2025: Batch 1 仍在运行...
  Tue Dec 23 02:35:37 CST 2025: Batch 1 仍在运行...
  Tue Dec 23 02:36:37 CST 2025: Batch 1 仍在运行...
  Tue Dec 23 02:37:37 CST 2025: Batch 1 仍在运行...
  Tue Dec 23 02:38:37 CST 2025: Batch 1 仍在运行...
  Tue Dec 23 02:39:37 CST 2025: Batch 1 仍在运行...
  Tue Dec 23 02:40:37 CST 2025: Batch 1 仍在运行...
  Tue Dec 23 02:41:37 CST 2025: Batch 1 仍在运行...
  Tue Dec 23 02:42:37 CST 2025: Batch 1 仍在运行...
  Tue Dec 23 02:43:37 CST 2025: Batch 1 仍在运行...
  Tue Dec 23 02:44:37 CST 2025: Batch 1 仍在运行...
  Tue Dec 23 02:45:37 CST 2025: Batch 1 仍在运行...
  Tue Dec 23 02:46:37 CST 2025: Batch 1 仍在运行...
  Tue Dec 23 02:47:37 CST 2025: Batch 1 仍在运行...
  Tue Dec 23 02:48:37 CST 2025: Batch 1 仍在运行...
  Tue Dec 23 02:49:37 CST 2025: Batch 1 仍在运行...
  Tue Dec 23 02:50:37 CST 2025: Batch 1 仍在运行...
  Tue Dec 23 02:51:37 CST 2025: Batch 1 仍在运行...
  Tue Dec 23 02:52:37 CST 2025: Batch 1 仍在运行...
  Tue Dec 23 02:53:37 CST 2025: Batch 1 仍在运行...
  Tue Dec 23 02:54:37 CST 2025: Batch 1 仍在运行...
  Tue Dec 23 02:55:37 CST 2025: Batch 1 仍在运行...
  Tue Dec 23 02:56:37 CST 2025: Batch 1 仍在运行...
  Tue Dec 23 02:57:37 CST 2025: Batch 1 仍在运行...
  Tue Dec 23 02:58:37 CST 2025: Batch 1 仍在运行...
  Tue Dec 23 02:59:37 CST 2025: Batch 1 仍在运行...
  Tue Dec 23 03:00:37 CST 2025: Batch 1 仍在运行...
  Tue Dec 23 03:01:37 CST 2025: Batch 1 仍在运行...
  Tue Dec 23 03:02:37 CST 2025: Batch 1 仍在运行...
  Tue Dec 23 03:03:37 CST 2025: Batch 1 仍在运行...
  Tue Dec 23 03:04:37 CST 2025: Batch 1 仍在运行...
  Tue Dec 23 03:05:37 CST 2025: Batch 1 仍在运行...
  Tue Dec 23 03:06:37 CST 2025: Batch 1 仍在运行...
  Tue Dec 23 03:07:37 CST 2025: Batch 1 仍在运行...
  Tue Dec 23 03:08:37 CST 2025: Batch 1 仍在运行...
  Tue Dec 23 03:09:37 CST 2025: Batch 1 仍在运行...
  Tue Dec 23 03:10:37 CST 2025: Batch 1 仍在运行...
  Tue Dec 23 03:11:37 CST 2025: Batch 1 仍在运行...
  Tue Dec 23 03:12:37 CST 2025: Batch 1 仍在运行...
  Tue Dec 23 03:13:37 CST 2025: Batch 1 仍在运行...
  Tue Dec 23 03:14:37 CST 2025: Batch 1 仍在运行...
  Tue Dec 23 03:15:37 CST 2025: Batch 1 仍在运行...
  Tue Dec 23 03:16:37 CST 2025: Batch 1 仍在运行...
  Tue Dec 23 03:17:37 CST 2025: Batch 1 仍在运行...
  Tue Dec 23 03:18:37 CST 2025: Batch 1 仍在运行...
  Tue Dec 23 03:19:37 CST 2025: Batch 1 仍在运行...
  Tue Dec 23 03:20:37 CST 2025: Batch 1 仍在运行...
  Tue Dec 23 03:21:37 CST 2025: Batch 1 仍在运行...
  Tue Dec 23 03:22:37 CST 2025: Batch 1 仍在运行...
  Tue Dec 23 03:23:37 CST 2025: Batch 1 仍在运行...
  Tue Dec 23 03:24:37 CST 2025: Batch 1 仍在运行...
  Tue Dec 23 03:25:37 CST 2025: Batch 1 仍在运行...
  Tue Dec 23 03:26:37 CST 2025: Batch 1 仍在运行...
  Tue Dec 23 03:27:37 CST 2025: Batch 1 仍在运行...
  Tue Dec 23 03:28:37 CST 2025: Batch 1 仍在运行...
  Tue Dec 23 03:29:37 CST 2025: Batch 1 仍在运行...
  Tue Dec 23 03:30:37 CST 2025: Batch 1 仍在运行...
  Tue Dec 23 03:31:37 CST 2025: Batch 1 仍在运行...
  Tue Dec 23 03:32:37 CST 2025: Batch 1 仍在运行...
  Tue Dec 23 03:33:37 CST 2025: Batch 1 仍在运行...
  Tue Dec 23 03:34:37 CST 2025: Batch 1 仍在运行...
  Tue Dec 23 03:35:37 CST 2025: Batch 1 仍在运行...
  Tue Dec 23 03:36:37 CST 2025: Batch 1 仍在运行...
  Tue Dec 23 03:37:37 CST 2025: Batch 1 仍在运行...
  Tue Dec 23 03:38:37 CST 2025: Batch 1 仍在运行...
  Tue Dec 23 03:39:37 CST 2025: Batch 1 仍在运行...
  Tue Dec 23 03:40:37 CST 2025: Batch 1 仍在运行...
  Tue Dec 23 03:41:37 CST 2025: Batch 1 仍在运行...
  Tue Dec 23 03:42:37 CST 2025: Batch 1 仍在运行...
  Tue Dec 23 03:43:37 CST 2025: Batch 1 仍在运行...
  Tue Dec 23 03:44:37 CST 2025: Batch 1 仍在运行...
  Tue Dec 23 03:45:37 CST 2025: Batch 1 仍在运行...
  Tue Dec 23 03:46:37 CST 2025: Batch 1 仍在运行...
  Tue Dec 23 03:47:37 CST 2025: Batch 1 仍在运行...
  Tue Dec 23 03:48:37 CST 2025: Batch 1 仍在运行...
  Tue Dec 23 03:49:37 CST 2025: Batch 1 仍在运行...
  Tue Dec 23 03:50:37 CST 2025: Batch 1 仍在运行...
  Tue Dec 23 03:51:37 CST 2025: Batch 1 仍在运行...
  Tue Dec 23 03:52:37 CST 2025: Batch 1 仍在运行...
  Tue Dec 23 03:53:37 CST 2025: Batch 1 仍在运行...
  Tue Dec 23 03:54:37 CST 2025: Batch 1 仍在运行...
  Tue Dec 23 03:55:37 CST 2025: Batch 1 仍在运行...
  Tue Dec 23 03:56:37 CST 2025: Batch 1 仍在运行...
  Tue Dec 23 03:57:37 CST 2025: Batch 1 仍在运行...
  Tue Dec 23 03:58:37 CST 2025: Batch 1 仍在运行...
  Tue Dec 23 03:59:37 CST 2025: Batch 1 仍在运行...
  Tue Dec 23 04:00:37 CST 2025: Batch 1 仍在运行...
  Tue Dec 23 04:01:37 CST 2025: Batch 1 仍在运行...
  Tue Dec 23 04:02:37 CST 2025: Batch 1 仍在运行...
  Tue Dec 23 04:03:37 CST 2025: Batch 1 仍在运行...
  Tue Dec 23 04:04:37 CST 2025: Batch 1 仍在运行...
  Tue Dec 23 04:05:37 CST 2025: Batch 1 仍在运行...
  Tue Dec 23 04:06:37 CST 2025: Batch 1 仍在运行...
  Tue Dec 23 04:07:37 CST 2025: Batch 1 仍在运行...
  Tue Dec 23 04:08:37 CST 2025: Batch 1 仍在运行...
  Tue Dec 23 04:09:37 CST 2025: Batch 1 仍在运行...
  Tue Dec 23 04:10:37 CST 2025: Batch 1 仍在运行...
  Tue Dec 23 04:11:37 CST 2025: Batch 1 仍在运行...
  Tue Dec 23 04:12:37 CST 2025: Batch 1 仍在运行...
  Tue Dec 23 04:13:37 CST 2025: Batch 1 仍在运行...
  Tue Dec 23 04:14:37 CST 2025: Batch 1 仍在运行...
  Tue Dec 23 04:15:37 CST 2025: Batch 1 仍在运行...
  Tue Dec 23 04:16:37 CST 2025: Batch 1 仍在运行...
  Tue Dec 23 04:17:37 CST 2025: Batch 1 仍在运行...
等待 PID 280897...
Batch 1 完成！

========================================
启动 Batch 2: Ablation Studies
========================================
启动 GPU 0: A1 - Remove Attention
启动 GPU 1: A2 - Remove Multi-scale
Batch 2 已启动，等待完成...
Batch 2 完成！

========================================
启动 Batch 3: Model Size Comparison
========================================
启动 GPU 0: B1 - Swin-Tiny
启动 GPU 1: B2 - Swin-Small
Batch 3 已启动，等待完成...
Batch 3 完成！

========================================
所有实验完成！
========================================
查看结果:
  Batch 1: logs/batch1_gpu*_20251223_002208.log
  Batch 2: logs/batch2_gpu*_20251223_003136.log
  Batch 3: logs/batch3_gpu*_20251223_003136.log

提取结果: ./extract_all_results.sh
