Training log will be saved to: /root/Perceptual-IQA-CS3324/logs/resnet50_baseline_20251220_212537.log
================================================================================

================================================================================
BASELINE EXPERIMENT CONFIGURATION (Original HyperIQA - ResNet-50)
================================================================================
Dataset:                    koniq-10k
Model:                      ResNet-50
Epochs:                     10
Batch Size:                 96
Learning Rate:              2e-05
LR Ratio (backbone):        10
Weight Decay:               0.0005
Train Patch Num:            20
Test Patch Num:             20
Patch Size:                 224
Train-Test Rounds:          10
--------------------------------------------------------------------------------
Reproducibility:
  Random Seed:              42
  CuDNN Deterministic:      True
  CuDNN Benchmark:          False
================================================================================

Training and testing on koniq-10k dataset for 10 rounds...
KonIQ-10k: 7046 train images, 2010 test images
Round 1
  Train: 7046 images, Test: 2010 images
Using device: cuda
Model checkpoints will be saved to: /root/Perceptual-IQA-CS3324/checkpoints/koniq-10k-resnet_20251220_212537
Loading Koniq-10k dataset from /root/Perceptual-IQA-CS3324/koniq-10k/...
Building sample list from 7046 images...
  Total samples created: 140920
Pre-loading 7046 unique images into cache...
  Cached 7046 images successfully
Dataset loaded. Total samples: 140920
Loading Koniq-10k dataset from /root/Perceptual-IQA-CS3324/koniq-10k/...
Building sample list from 2010 images...
  Total samples created: 40200
Pre-loading 2010 unique images into cache...
  Cached 2010 images successfully
Dataset loaded. Total samples: 40200
SPAQ test dataset found at: /root/Perceptual-IQA-CS3324/spaq-test
  Pre-loading 2224 SPAQ images into cache...
