Training and testing on koniq-10k dataset for 1 rounds...
Using Swin Transformer backbone
KonIQ-10k: 7046 train images, 2010 test images
Round 1
  Train: 7046 images, Test: 2010 images
Using device: cuda
Backbone: Swin Transformer Tiny
Model checkpoints will be saved to: /root/Perceptual-IQA-CS3324/checkpoints/koniq-10k-swin-ranking-alpha0.3_20251215_181609
Loading Koniq-10k dataset from /root/Perceptual-IQA-CS3324/koniq-10k/...
Building sample list from 7046 images...
  Total samples created: 140920
Pre-loading 7046 unique images into cache...
  Cached 7046 images successfully
Dataset loaded. Total samples: 140920
Loading Koniq-10k dataset from /root/Perceptual-IQA-CS3324/koniq-10k/...
Building sample list from 2010 images...
  Total samples created: 40200
Pre-loading 2010 unique images into cache...
  Cached 2010 images successfully
Dataset loaded. Total samples: 40200
SPAQ test dataset found at: /root/Perceptual-IQA-CS3324/spaq-test
Ranking loss enabled: alpha=0.3, margin=0.1
Epoch	Train_Loss	Train_SRCC	Test_SRCC	Test_PLCC	SPAQ_SRCC	SPAQ_PLCC
  Total batches: 1468
  Loading first batch (this may take a moment)...
  Testing on SPAQ dataset (2224 images)...
1	5.295 (L1:5.070,Rank:0.748)	0.8730	0.9160	0.9333	0.8591	0.8533
  Model saved to: /root/Perceptual-IQA-CS3324/checkpoints/koniq-10k-swin-ranking-alpha0.3_20251215_181609/checkpoint_epoch_1_srcc_0.9160_plcc_0.9333_spaq_srcc_0.8591_plcc_0.8533.pkl
  Total batches: 1468
  Loading first batch (this may take a moment)...
  Testing on SPAQ dataset (2224 images)...
2	3.244 (L1:3.143,Rank:0.337)	0.9509	0.9170	0.9322	0.8577	0.8573
  Model saved to: /root/Perceptual-IQA-CS3324/checkpoints/koniq-10k-swin-ranking-alpha0.3_20251215_181609/checkpoint_epoch_2_srcc_0.9170_plcc_0.9322_spaq_srcc_0.8577_plcc_0.8573.pkl
  Total batches: 1468
  Loading first batch (this may take a moment)...
